
 Ansys Mechanical Enterprise Academic Student      


 *------------------------------------------------------------------*
 |                                                                  |
 |   W E L C O M E   T O   T H E   A N S Y S (R)  P R O G R A M     |
 |                                                                  |
 *------------------------------------------------------------------*




 ***************************************************************
 *         ANSYS MAPDL 2024 R1          LEGAL NOTICES          *
 ***************************************************************
 *                                                             *
 * Copyright 1971-2024 Ansys, Inc.  All rights reserved.       *
 * Unauthorized use, distribution or duplication is            *
 * prohibited.                                                 *
 *                                                             *
 * Ansys is a registered trademark of Ansys, Inc. or its       *
 * subsidiaries in the United States or other countries.       *
 * See the Ansys, Inc. online documentation or the Ansys, Inc. *
 * documentation CD or online help for the complete Legal      *
 * Notice.                                                     *
 *                                                             *
 ***************************************************************
 *                                                             *
 * THIS ANSYS SOFTWARE PRODUCT AND PROGRAM DOCUMENTATION       *
 * INCLUDE TRADE SECRETS AND CONFIDENTIAL AND PROPRIETARY      *
 * PRODUCTS OF ANSYS, INC., ITS SUBSIDIARIES, OR LICENSORS.    *
 * The software products and documentation are furnished by    *
 * Ansys, Inc. or its subsidiaries under a software license    *
 * agreement that contains provisions concerning               *
 * non-disclosure, copying, length and nature of use,          *
 * compliance with exporting laws, warranties, disclaimers,    *
 * limitations of liability, and remedies, and other           *
 * provisions.  The software products and documentation may be *
 * used, disclosed, transferred, or copied only in accordance  *
 * with the terms and conditions of that software license      *
 * agreement.                                                  *
 *                                                             *
 * Ansys, Inc. is a UL registered                              *
 * ISO 9001:2015 company.                                      *
 *                                                             *
 ***************************************************************
 *                                                             *
 * This product is subject to U.S. laws governing export and   *
 * re-export.                                                  *
 *                                                             *
 * For U.S. Government users, except as specifically granted   *
 * by the Ansys, Inc. software license agreement, the use,     *
 * duplication, or disclosure by the United States Government  *
 * is subject to restrictions stated in the Ansys, Inc.        *
 * software license agreement and FAR 12.212 (for non-DOD      *
 * licenses).                                                  *
 *                                                             *
 ***************************************************************

 2024 R1 
     
 Point Releases and Patches installed:   
     
 Discovery 2024 R1   
 Fluids 2024 R1  
 Ansys Dynamic Reporting 2024 R1 
 SpaceClaim 2024 R1  
 CFX (includes CFD-Post) 2024 R1 
 Chemkin 2024 R1 
 EnSight 2024 R1 
 FENSAP-ICE 2024 R1  
 Fluent (includes CFD-Post) 2024 R1  
 Polyflow (includes CFD-Post) 2024 R1
 Forte (includes EnSight) 2024 R1
 TurboGrid 2024 R1   
 ACIS Geometry Interface 2024 R1 
 AutoCAD Geometry Interface 2024 R1  
 Catia, Version 4 Geometry Interface 2024 R1 
 Catia, Version 5 Geometry Interface 2024 R1 
 Catia, Version 6 Geometry Interface 2024 R1 
 Creo Elements/Direct Modeling Geometry Interface 2024 R1
 Creo Parametric Geometry Interface 2024 R1  
 Inventor Geometry Interface 2024 R1 
 JTOpen Geometry Interface 2024 R1   
 NX Geometry Interface 2024 R1   
 Parasolid Geometry Interface  2024 R1   
 Solid Edge Geometry Interface 2024 R1   
 SOLIDWORKS Geometry Interface 2024 R1   
 Speos 2024 R1   
 Aqwa 2024 R1
 Autodyn 2024 R1 
 Material Calibration App 2024 R1
 Customization Files for User Programmable Features 2024 R1  
 Mechanical Products 2024 R1 
 Motion 2024 R1  
 Academic Student 2024 R1


          *****  MAPDL COMMAND LINE ARGUMENTS  *****
  BATCH MODE REQUESTED (-b)    = NOLIST
  INPUT FILE COPY MODE (-c)    = COPY
  DISTRIBUTED MEMORY PARALLEL REQUESTED
       4 PARALLEL PROCESSES REQUESTED WITH SINGLE THREAD PER PROCESS
    TOTAL OF     4 CORES REQUESTED
  INPUT FILE NAME              = C:\Users\ismae\OneDrive - Universidad de Alcala\Escritorio\UNI\GitHub\EYSTDUN_23-24\P2_lag_files\_ProjectScratch\Scr376F\dummy.dat
  OUTPUT FILE NAME             = C:\Users\ismae\OneDrive - Universidad de Alcala\Escritorio\UNI\GitHub\EYSTDUN_23-24\P2_lag_files\_ProjectScratch\Scr376F\solve.out
  START-UP FILE MODE           = NOREAD
  STOP FILE MODE               = NOREAD

 RELEASE= 2024 R1              BUILD= 24.1      UP20231106   VERSION=WINDOWS x64 
 CURRENT JOBNAME=file0  19:14:46  APR 05, 2024 CP=      0.016


 PARAMETER _DS_PROGRESS =     999.0000000    

 /INPUT FILE= ds.dat  LINE=       0



 *** NOTE ***                            CP =       0.078   TIME= 19:14:47
 The /CONFIG,NOELDB command is not valid in a distributed memory         
 parallel solution.  Command is ignored.                                 

 *GET  _WALLSTRT  FROM  ACTI  ITEM=TIME WALL  VALUE=  19.2463889    

 TITLE= 
 Archivo_base--Modal (A5)                                                      

  ACT Extensions:
      LSDYNA, 2024.1
      5f463412-bd3e-484b-87e7-cbc0a665e474, wbex
 /COM,     ANSYSMotion, 2024.1
      20180725-3f81-49eb-9f31-41364844c769, wbex
  

 SET PARAMETER DIMENSIONS ON  _WB_PROJECTSCRATCH_DIR
  TYPE=STRI  DIMENSIONS=      248        1        1

 PARAMETER _WB_PROJECTSCRATCH_DIR(1) = C:\Users\ismae\OneDrive - Universidad de Alcala\Escritorio\UNI\GitHub\EYSTDUN_23-24\P2_lag_files\_ProjectScratch\Scr376F\

 SET PARAMETER DIMENSIONS ON  _WB_SOLVERFILES_DIR
  TYPE=STRI  DIMENSIONS=      248        1        1

 PARAMETER _WB_SOLVERFILES_DIR(1) = C:\Users\ismae\OneDrive - Universidad de Alcala\Escritorio\UNI\GitHub\EYSTDUN_23-24\P2_lag_files\Archivo_base_files\dp0\SYS\MECH\

 SET PARAMETER DIMENSIONS ON  _WB_USERFILES_DIR
  TYPE=STRI  DIMENSIONS=      248        1        1

 PARAMETER _WB_USERFILES_DIR(1) = C:\Users\ismae\OneDrive - Universidad de Alcala\Escritorio\UNI\GitHub\EYSTDUN_23-24\P2_lag_files\Archivo_base_files\user_files\
 --- Data in consistent MKS units. See Solving Units in the help system for more

 MKS UNITS SPECIFIED FOR INTERNAL    
  LENGTH        (l)  = METER (M)
  MASS          (M)  = KILOGRAM (KG)
  TIME          (t)  = SECOND (SEC)
  TEMPERATURE   (T)  = CELSIUS (C)
  TOFFSET            = 273.0
  CHARGE        (Q)  = COULOMB
  FORCE         (f)  = NEWTON (N) (KG-M/SEC2)
  HEAT               = JOULE (N-M)

  PRESSURE           = PASCAL (NEWTON/M**2)
  ENERGY        (W)  = JOULE (N-M)
  POWER         (P)  = WATT (N-M/SEC)
  CURRENT       (i)  = AMPERE (COULOMBS/SEC)
  CAPACITANCE   (C)  = FARAD
  INDUCTANCE    (L)  = HENRY
  MAGNETIC FLUX      = WEBER
  RESISTANCE    (R)  = OHM
  ELECTRIC POTENTIAL = VOLT

 INPUT  UNITS ARE ALSO SET TO MKS 

 *** MAPDL - ENGINEERING ANALYSIS SYSTEM  RELEASE 2024 R1          24.1     ***
 Ansys Mechanical Enterprise Academic Student      
 01055371  VERSION=WINDOWS x64   19:14:47  APR 05, 2024 CP=      0.094

 Archivo_base--Modal (A5)                                                      



          ***** MAPDL ANALYSIS DEFINITION (PREP7) *****
 *********** Nodes for the whole assembly ***********
 *********** Elements for Body 1 "Pletina|Pletina" ***********
 *********** Elements for Body 2 "Movil|Movil" ***********
 *********** Send User Defined Coordinate System(s) ***********
 *********** Set Reference Temperature ***********
 *********** Send Materials ***********
 *********** Create Contact "C" ***********
             Real Constant Set For Above Contact Is 4 & 3
 *********** Fixed Supports ***********


 ***** ROUTINE COMPLETED *****  CP =         0.359


 --- Number of total nodes = 41431
 --- Number of contact elements = 13208
 --- Number of spring elements = 0
 --- Number of bearing elements = 0
 --- Number of solid elements = 23563
 --- Number of condensed parts = 0
 --- Number of total elements = 36771

 *GET  _WALLBSOL  FROM  ACTI  ITEM=TIME WALL  VALUE=  19.2463889    

 *****  MAPDL SOLUTION ROUTINE  *****


 PERFORM A MODAL ANALYSIS
  THIS WILL BE A NEW ANALYSIS

 PARAMETER _THICKRATIO =    0.5000000000    


 USE SYM. BLOCK LANCZOS MODE EXTRACTION METHOD
  EXTRACT     6 MODES
  NORMALIZE THE MODE SHAPES TO THE MASS MATRIX

 ERASE THE CURRENT DATABASE OUTPUT CONTROL TABLE.


 WRITE ALL  ITEMS TO THE DATABASE WITH A FREQUENCY OF NONE
   FOR ALL APPLICABLE ENTITIES

 WRITE NSOL ITEMS TO THE DATABASE WITH A FREQUENCY OF ALL 
   FOR ALL APPLICABLE ENTITIES


 EXPAND ALL EXTRACTED MODES
  DO NOT CALCULATE ELEMENT RESULTS

 DO NOT COMBINE ELEMENT SAVE DATA FILES (.esav) AFTER DISTRIBUTED PARALLEL SOLUTION

 DO NOT COMBINE ELEMENT MATRIX FILES (.emat) AFTER DISTRIBUTED PARALLEL SOLUTION

 DO NOT COMBINE ASSEMBLED MATRIX FILES (.full) AFTER DISTRIBUTED PARALLEL SOLUTION

 *GET  ANSINTER_  FROM  ACTI  ITEM=INT        VALUE=  0.00000000    

 *IF  ANSINTER_                         ( =   0.00000     )  NE  
      0                                 ( =   0.00000     )  THEN    

 *ENDIF

 *** NOTE ***                            CP =       0.359   TIME= 19:14:47
 The automatic domain decomposition logic has selected the MESH domain   
 decomposition method with 4 processes per solution.                     

 *****  MAPDL SOLVE    COMMAND  *****

 *** WARNING ***                         CP =       0.438   TIME= 19:14:47
 Element shape checking is currently inactive.  Issue SHPP,ON or         
 SHPP,WARN to reactivate, if desired.                                    

 *** NOTE ***                            CP =       0.453   TIME= 19:14:47
 The constant material damping coefficient input through the MP,DMPR     
 command will not be used in the current analysis type = modal.          

 *** NOTE ***                            CP =       0.453   TIME= 19:14:47
 The model data was checked and warning messages were found.             
  Please review output or errors file ( C:\Users\ismae\OneDrive -        
 Universidad de                                                          
 Alcala\Escritorio\UNI\GitHub\EYSTDUN_23-24\P2_lag_files\_ProjectScratch 
 h\Scr376F\file0.err ) for these warning messages.                       

 *** SELECTION OF ELEMENT TECHNOLOGIES FOR APPLICABLE ELEMENTS ***
      --- GIVE SUGGESTIONS AND RESET THE KEY OPTIONS ---

 ELEMENT TYPE         1 IS SOLID187. IT IS NOT ASSOCIATED WITH FULLY INCOMPRESSIBLE
 HYPERELASTIC MATERIALS. NO SUGGESTION IS AVAILABLE AND NO RESETTING IS NEEDED.

 ELEMENT TYPE         2 IS SOLID187. IT IS NOT ASSOCIATED WITH FULLY INCOMPRESSIBLE
 HYPERELASTIC MATERIALS. NO SUGGESTION IS AVAILABLE AND NO RESETTING IS NEEDED.



 *** MAPDL - ENGINEERING ANALYSIS SYSTEM  RELEASE 2024 R1          24.1     ***
 Ansys Mechanical Enterprise Academic Student      
 01055371  VERSION=WINDOWS x64   19:14:47  APR 05, 2024 CP=      0.469

 Archivo_base--Modal (A5)                                                      



                       S O L U T I O N   O P T I O N S

   PROBLEM DIMENSIONALITY. . . . . . . . . . . . .3-D                  
   DEGREES OF FREEDOM. . . . . . UX   UY   UZ  
   ANALYSIS TYPE . . . . . . . . . . . . . . . . .MODAL                
      EXTRACTION METHOD. . . . . . . . . . . . . .BLOCK LANCZOS
   OFFSET TEMPERATURE FROM ABSOLUTE ZERO . . . . .  273.15    
   NUMBER OF MODES TO EXTRACT. . . . . . . . . . .     6
   GLOBALLY ASSEMBLED MATRIX . . . . . . . . . . .SYMMETRIC  
   NUMBER OF MODES TO EXPAND . . . . . . . . . . .ALL
   ELEMENT RESULTS CALCULATION . . . . . . . . . .OFF

 *** NOTE ***                            CP =       0.547   TIME= 19:14:47
 The conditions for direct assembly have been met.  No .emat or .erot    
 files will be produced.                                                 
 *WARNING*: The self contact pair specified by real constant set 3 also  
 overlaps with another symmetric contact pair (e.g.  4).                 

 *** NOTE ***                            CP =       1.047   TIME= 19:14:48
 Self Deformable- deformable contact pair identified by real constant    
 set 3 and contact element type 3 has been set up.                       
 Linear contact is defined
 Contact algorithm: Augmented Lagrange method
 Contact detection at: Gauss integration point
 Contact stiffness factor FKN                  10.000    
 The resulting initial contact stiffness      0.63220E+16
 Default penetration tolerance factor FTOLN   0.10000    
 The resulting penetration tolerance          0.31636E-03
 Default opening contact stiffness OPSF will be used.
 Default tangent stiffness factor FKT          1.0000    
 Use constant contact stiffness
 Default Max. friction stress TAUMAX          0.10000E+21
 Average contact surface length               0.50206E-02
 Average contact pair depth                   0.31636E-02
 Average target surface length                0.49789E-02
 Default pinball region factor PINB           0.25000    
 The resulting pinball region                 0.79089E-03
 Initial penetration/gap is excluded.
 Bonded contact (always) is defined.

 *** NOTE ***                            CP =       1.047   TIME= 19:14:48
 Max.  Initial penetration 6.505213035E-19 was detected between contact  
 element 36423 and target element 45311.                                 
 ****************************************
  

 *** NOTE ***                            CP =       1.047   TIME= 19:14:48
 Self Deformable- deformable contact pair identified by real constant    
 set 4 and contact element type 3 has been set up.                       
 Linear contact is defined
 Contact algorithm: Augmented Lagrange method
 Contact detection at: Gauss integration point
 Contact stiffness factor FKN                  10.000    
 The resulting initial contact stiffness      0.63123E+16
 Default penetration tolerance factor FTOLN   0.10000    
 The resulting penetration tolerance          0.31684E-03
 Default opening contact stiffness OPSF will be used.
 Default tangent stiffness factor FKT          1.0000    
 Use constant contact stiffness
 Default Max. friction stress TAUMAX          0.10000E+21
 Average contact surface length               0.50206E-02
 Average contact pair depth                   0.31684E-02
 Average target surface length                0.49789E-02
 Default pinball region factor PINB           0.25000    
 The resulting pinball region                 0.79211E-03
 Initial penetration/gap is excluded.
 Bonded contact (always) is defined.

 *** NOTE ***                            CP =       1.047   TIME= 19:14:48
 Max.  Initial penetration 8.67361738E-19 was detected between contact   
 element 39898 and target element 35290.                                 
 ****************************************
  
  
  

  
  
     D I S T R I B U T E D   D O M A I N   D E C O M P O S E R
  
  ...Number of elements: 36771
  ...Number of nodes:    41431
  ...Decompose to 4 CPU domains
  ...Element load balance ratio =     1.236


                      L O A D   S T E P   O P T I O N S

   LOAD STEP NUMBER. . . . . . . . . . . . . . . .     1
   THERMAL STRAINS INCLUDED IN THE LOAD VECTOR . .   YES
   PRINT OUTPUT CONTROLS . . . . . . . . . . . . .NO PRINTOUT
   DATABASE OUTPUT CONTROLS
      ITEM     FREQUENCY   COMPONENT
       ALL       NONE               
      NSOL        ALL               



                         ***********  PRECISE MASS SUMMARY  ***********

   TOTAL RIGID BODY MASS MATRIX ABOUT ORIGIN
               Translational mass               |   Coupled translational/rotational mass
        0.85935        0.0000        0.0000     |     0.0000       0.29159E-02  -0.24522    
         0.0000       0.85935        0.0000     |   -0.29159E-02    0.0000       0.97293E-09
         0.0000        0.0000       0.85935     |    0.24522      -0.97293E-09    0.0000    
     ------------------------------------------ | ------------------------------------------
                                                |         Rotational mass (inertia)
                                                |    0.13733      -0.83997E-07  -0.44280E-09
                                                |   -0.83997E-07   0.21413E-03  -0.29144E-04
                                                |   -0.44280E-09  -0.29144E-04   0.13747    

   TOTAL MASS = 0.85935    
     The mass principal axes coincide with the global Cartesian axes

   CENTER OF MASS (X,Y,Z)=   0.11322E-08   0.28536       0.33931E-02

   TOTAL INERTIA ABOUT CENTER OF MASS
        0.67342E-01  -0.83719E-07  -0.43950E-09
       -0.83719E-07   0.20424E-03   0.80292E-03
       -0.43950E-09   0.80292E-03   0.67492E-01

   PRINCIPAL INERTIAS =   0.67342E-01   0.19466E-03   0.67502E-01
   ORIENTATION VECTORS OF THE INERTIA PRINCIPAL AXES IN GLOBAL CARTESIAN
     ( 1.000,-0.000, 0.000) ( 0.000, 1.000,-0.012) (-0.000, 0.012, 1.000) 


  *** MASS SUMMARY BY ELEMENT TYPE ***

  TYPE      MASS
     1  0.570754    
     2  0.288597    

 Range of element maximum matrix coefficients in global coordinates
 Maximum = 1.785931949E+10 at element 38852.                             
 Minimum = 289947768 at element 8.                                       

   *** ELEMENT MATRIX FORMULATION TIMES
     TYPE    NUMBER   ENAME      TOTAL CP  AVE CP

        1      8928  SOLID187      0.438   0.000049
        2     14635  SOLID187      0.578   0.000040
        3      6604  CONTA174      0.266   0.000040
        4      6604  TARGE170      0.000   0.000000
 Time at end of element matrix formulation CP = 2.5.                     

  BLOCK LANCZOS CALCULATION OF UP TO     6 EIGENVECTORS.
  NUMBER OF EQUATIONS              =       123933
  MAXIMUM WAVEFRONT                =          267
  MAXIMUM MODES STORED             =            6
  MINIMUM EIGENVALUE               =  0.00000E+00
  MAXIMUM EIGENVALUE               =  0.10000E+31


  Process memory allocated for solver              =   132.170 MB
  Process memory required for in-core solution     =   125.969 MB
  Process memory required for out-of-core solution =    66.460 MB

  Total memory allocated for solver                =   657.991 MB
  Total memory required for in-core solution       =   627.216 MB
  Total memory required for out-of-core solution   =   288.028 MB

 *** NOTE ***                            CP =       3.484   TIME= 19:14:51
 The Distributed Sparse Matrix Solver used by the Block Lanczos          
 eigensolver is currently running in the in-core memory mode.  This      
 memory mode uses the most amount of memory in order to avoid using the  
 hard drive as much as possible, which most often results in the         
 fastest solution time.  This mode is recommended if enough physical     
 memory is present to accommodate all of the solver data.                

  Process memory required for in-core LANCZOS Workspace             =     146.420448 MB
  Process memory required for out-of-core LANCZOS Workspace         =     3.957710 MB

  Total   memory required for in-core LANCZOS Workspace             =     478.481049 MB
  Total   memory required for out-of-core LANCZOS Workspace         =     13.278442 MB

  Lanczos Memory Mode : INCORE


  >> Shift # 1 :  |                                  : 6 Eigenvalues Converged


 *** MAPDL - ENGINEERING ANALYSIS SYSTEM  RELEASE 2024 R1          24.1     ***
 Ansys Mechanical Enterprise Academic Student      
 01055371  VERSION=WINDOWS x64   19:14:55  APR 05, 2024 CP=      5.078

 Archivo_base--Modal (A5)                                                      



 *** FREQUENCIES FROM BLOCK LANCZOS ITERATION ***

  MODE    FREQUENCY (HERTZ)      


    1     4.676980487079    
    2     41.50424961413    
    3     42.18761395396    
    4     42.96861690240    
    5     87.24968612710    
    6     130.8043076906    

 *** MAPDL - ENGINEERING ANALYSIS SYSTEM  RELEASE 2024 R1          24.1     ***
 Ansys Mechanical Enterprise Academic Student      
 01055371  VERSION=WINDOWS x64   19:14:55  APR 05, 2024 CP=      5.109

 Archivo_base--Modal (A5)                                                      





          ***** PARTICIPATION FACTOR CALCULATION *****  X  DIRECTION
                                                                                  CUMULATIVE     RATIO EFF.MASS
  MODE   FREQUENCY       PERIOD      PARTIC.FACTOR     RATIO    EFFECTIVE MASS   MASS FRACTION   TO TOTAL MASS
     1     4.67698       0.21381      -0.52804E-05    0.000008    0.278830E-10    0.592589E-10    0.324466E-10
     2     41.5042       0.24094E-01   0.22655E-05    0.000003    0.513265E-11    0.701671E-10    0.597270E-11
     3     42.1876       0.23704E-01  -0.15290E-02    0.002259    0.233793E-05    0.496878E-05    0.272057E-05
     4     42.9686       0.23273E-01   0.67678        1.000000    0.458032        0.973445        0.532997    
     5     87.2497       0.11461E-01   0.11178        0.165167    0.124951E-01     1.00000        0.145402E-01
     6     130.804       0.76450E-02   0.29828E-04    0.000044    0.889695E-09     1.00000        0.103531E-08
 -----------------------------------------------------------------------------------------------------------------
   sum                                                            0.470530                        0.547540    
 -----------------------------------------------------------------------------------------------------------------



          ***** PARTICIPATION FACTOR CALCULATION *****  Y  DIRECTION
                                                                                  CUMULATIVE     RATIO EFF.MASS
  MODE   FREQUENCY       PERIOD      PARTIC.FACTOR     RATIO    EFFECTIVE MASS   MASS FRACTION   TO TOTAL MASS
     1     4.67698       0.21381       0.14200E-01    0.261276    0.201632E-03    0.330309E-01    0.234633E-03
     2     41.5042       0.24094E-01   0.91425E-05    0.000168    0.835849E-10    0.330309E-01    0.972650E-10
     3     42.1876       0.23704E-01  -0.54347E-01    1.000000    0.295365E-02    0.516892        0.343707E-02
     4     42.9686       0.23273E-01  -0.12584E-03    0.002315    0.158357E-07    0.516894        0.184275E-07
     5     87.2497       0.11461E-01   0.45759E-05    0.000084    0.209388E-10    0.516894        0.243658E-10
     6     130.804       0.76450E-02   0.54305E-01    0.999220    0.294904E-02     1.00000        0.343171E-02
 -----------------------------------------------------------------------------------------------------------------
   sum                                                            0.610434E-02                    0.710343E-02
 -----------------------------------------------------------------------------------------------------------------



          ***** PARTICIPATION FACTOR CALCULATION *****  Z  DIRECTION
                                                                                  CUMULATIVE     RATIO EFF.MASS
  MODE   FREQUENCY       PERIOD      PARTIC.FACTOR     RATIO    EFFECTIVE MASS   MASS FRACTION   TO TOTAL MASS
     1     4.67698       0.21381       0.67922        1.000000    0.461333        0.685157        0.536838    
     2     41.5042       0.24094E-01   0.31768        0.467718    0.100921        0.835042        0.117439    
     3     42.1876       0.23704E-01   0.28695        0.422467    0.823380E-01    0.957328        0.958141E-01
     4     42.9686       0.23273E-01   0.63553E-03    0.000936    0.403904E-06    0.957329        0.470010E-06
     5     87.2497       0.11461E-01   0.22375E-06    0.000000    0.500620E-13    0.957329        0.582556E-13
     6     130.804       0.76450E-02   0.16950        0.249559    0.287316E-01     1.00000        0.334341E-01
 -----------------------------------------------------------------------------------------------------------------
   sum                                                            0.673325                        0.783526    
 -----------------------------------------------------------------------------------------------------------------



          ***** PARTICIPATION FACTOR CALCULATION *****ROTX DIRECTION
                                                                                  CUMULATIVE     RATIO EFF.MASS
  MODE   FREQUENCY       PERIOD      PARTIC.FACTOR     RATIO    EFFECTIVE MASS   MASS FRACTION   TO TOTAL MASS
     1     4.67698       0.21381       0.29605E-01    0.119767    0.876442E-03    0.111591E-01    0.638204E-02
     2     41.5042       0.24094E-01   0.24719        1.000000    0.611013E-01    0.789114        0.444925    
     3     42.1876       0.23704E-01   0.10672        0.431750    0.113898E-01    0.934132        0.829377E-01
     4     42.9686       0.23273E-01   0.23340E-03    0.000944    0.544778E-07    0.934132        0.396694E-06
     5     87.2497       0.11461E-01  -0.75452E-06    0.000003    0.569299E-12    0.934132        0.414550E-11
     6     130.804       0.76450E-02   0.71926E-01    0.290977    0.517330E-02     1.00000        0.376707E-01
 -----------------------------------------------------------------------------------------------------------------
   sum                                                            0.785409E-01                    0.571916    
 -----------------------------------------------------------------------------------------------------------------



          ***** PARTICIPATION FACTOR CALCULATION *****ROTY DIRECTION
                                                                                  CUMULATIVE     RATIO EFF.MASS
  MODE   FREQUENCY       PERIOD      PARTIC.FACTOR     RATIO    EFFECTIVE MASS   MASS FRACTION   TO TOTAL MASS
     1     4.67698       0.21381       0.14783E-06    0.000012    0.218544E-13    0.115012E-09    0.102060E-09
     2     41.5042       0.24094E-01  -0.52076E-06    0.000042    0.271188E-12    0.154218E-08    0.126644E-08
     3     42.1876       0.23704E-01  -0.14765E-04    0.001204    0.217999E-09    0.114879E-05    0.101805E-05
     4     42.9686       0.23273E-01   0.63006E-02    0.513892    0.396974E-04    0.208915        0.185386    
     5     87.2497       0.11461E-01  -0.12261E-01    1.000000    0.150321E-03     1.00000        0.701995    
     6     130.804       0.76450E-02   0.12211E-05    0.000100    0.149112E-11     1.00000        0.696349E-08
 -----------------------------------------------------------------------------------------------------------------
   sum                                                            0.190019E-03                    0.887381    
 -----------------------------------------------------------------------------------------------------------------



          ***** PARTICIPATION FACTOR CALCULATION *****ROTZ DIRECTION
                                                                                  CUMULATIVE     RATIO EFF.MASS
  MODE   FREQUENCY       PERIOD      PARTIC.FACTOR     RATIO    EFFECTIVE MASS   MASS FRACTION   TO TOTAL MASS
     1     4.67698       0.21381       0.44765E-06    0.000015    0.200387E-12    0.174662E-09    0.145769E-11
     2     41.5042       0.24094E-01   0.77819E-06    0.000025    0.605584E-12    0.702501E-09    0.440522E-11
     3     42.1876       0.23704E-01   0.71990E-04    0.002340    0.518252E-08    0.451789E-05    0.376994E-07
     4     42.9686       0.23273E-01  -0.30768E-01    1.000000    0.946656E-03    0.825130        0.688630E-02
     5     87.2497       0.11461E-01  -0.14164E-01    0.460361    0.200627E-03     1.00000        0.145943E-02
     6     130.804       0.76450E-02   0.28314E-05    0.000092    0.801665E-11     1.00000        0.583159E-10
 -----------------------------------------------------------------------------------------------------------------
   sum                                                            0.114729E-02                    0.834577E-02
 -----------------------------------------------------------------------------------------------------------------





 *** NOTE ***                            CP =       5.109   TIME= 19:14:55
 The modes requested are mass normalized (Nrmkey on MODOPT).  However,   
 the modal masses and kinetic energies below are calculated with unit    
 normalized modes.                                                       

        ***** MODAL MASSES, KINETIC ENERGIES, AND TRANSLATIONAL EFFECTIVE MASSES SUMMARY *****

                                                                         EFFECTIVE MASS
  MODE  FREQUENCY   MODAL MASS     KENE      |      X-DIR      RATIO%   Y-DIR      RATIO%   Z-DIR      RATIO% 
     1   4.677      0.2462       106.3       |    0.2788E-10    0.00  0.2016E-03    0.02  0.4613       53.68
     2   41.50      0.4072E-01   1385.       |    0.5133E-11    0.00  0.8358E-10    0.00  0.1009       11.74
     3   42.19      0.1864       6547.       |    0.2338E-05    0.00  0.2954E-02    0.34  0.8234E-01    9.58
     4   42.97      0.2342       8536.       |    0.4580       53.30  0.1584E-07    0.00  0.4039E-06    0.00
     5   87.25      0.1164      0.1749E+05   |    0.1250E-01    1.45  0.2094E-10    0.00  0.5006E-13    0.00
     6   130.8      0.1424      0.4809E+05   |    0.8897E-09    0.00  0.2949E-02    0.34  0.2873E-01    3.34
 --------------------------------------------------------------------------------------------------------------
   sum                                       |    0.4705       54.75  0.6104E-02    0.71  0.6733       78.35
 --------------------------------------------------------------------------------------------------------------


 *** MAPDL BINARY FILE STATISTICS
  BUFFER SIZE USED= 16384
        2.188 MB WRITTEN ON ELEMENT SAVED DATA FILE: file0.esav
       23.562 MB WRITTEN ON ASSEMBLED MATRIX FILE: file0.full
        2.000 MB WRITTEN ON MODAL MATRIX FILE: file0.mode
        4.062 MB WRITTEN ON RESULTS FILE: file0.rst
 *************** Write FE CONNECTORS *********

 WRITE OUT CONSTRAINT EQUATIONS TO FILE= file.ce                                                                                                                                                                                                                                                             

 *GET  _NMODALSOLPROC  FROM  ACTI  ITEM=NUMC       VALUE=  4.00000000    

 FINISH SOLUTION PROCESSING


 ***** ROUTINE COMPLETED *****  CP =         5.281



 PRINTOUT RESUMED BY /GOP

 *GET  _WALLASOL  FROM  ACTI  ITEM=TIME WALL  VALUE=  19.2486111    

 *** MAPDL - ENGINEERING ANALYSIS SYSTEM  RELEASE 2024 R1          24.1     ***
 Ansys Mechanical Enterprise Academic Student      
 01055371  VERSION=WINDOWS x64   19:14:55  APR 05, 2024 CP=      5.297

 Archivo_base--Modal (A5)                                                      



          ***** MAPDL RESULTS INTERPRETATION (POST1) *****

 *** NOTE ***                            CP =       5.297   TIME= 19:14:55
 Reading results into the database (SET command) will update the current 
 displacement and force boundary conditions in the database with the     
 values from the results file for that load set.  Note that any          
 subsequent solutions will use these values unless action is taken to    
 either SAVE the current values or not overwrite them (/EXIT,NOSAVE).    

 PRINTOUT RESUMED BY /GOP

 Set Encoding of XML File to:ISO-8859-1

 Set Output of XML File to:
     PARM,     ,     ,     ,     ,     ,     ,     ,     ,     ,     ,     ,
         ,     ,     ,     ,     ,     ,     ,

 DATABASE WRITTEN ON FILE  parm.xml                                                                                                                                                                                                                                                            

 EXIT THE MAPDL POST1 DATABASE PROCESSOR


 ***** ROUTINE COMPLETED *****  CP =         5.297



 PRINTOUT RESUMED BY /GOP

 *GET  _WALLDONE  FROM  ACTI  ITEM=TIME WALL  VALUE=  19.2486111    

 PARAMETER _PREPTIME =     0.000000000    

 PARAMETER _SOLVTIME =     8.000000000    

 PARAMETER _POSTTIME =     0.000000000    

 PARAMETER _TOTALTIM =     8.000000000    

 *GET  _DLBRATIO  FROM  ACTI  ITEM=SOLU DLBR  VALUE=  1.23579029    

 *GET  _COMBTIME  FROM  ACTI  ITEM=SOLU COMB  VALUE= 0.107018900    

 *GET  _SSMODE   FROM  ACTI  ITEM=SOLU SSMM  VALUE=  2.00000000    

 *GET  _NDOFS    FROM  ACTI  ITEM=SOLU NDOF  VALUE=  123933.000    

 /FCLEAN COMMAND REMOVING ALL LOCAL FILES
 --- Total number of nodes = 41431
 --- Total number of elements = 36771
 --- Element load balance ratio = 1.23579029
 --- Time to combine distributed files = 0.1070189
 --- Sparse memory mode = 2
 --- Number of DOF = 123933

 EXIT MAPDL WITHOUT SAVING DATABASE


 NUMBER OF WARNING MESSAGES ENCOUNTERED=          1
 NUMBER OF ERROR   MESSAGES ENCOUNTERED=          0

+--------------------- M A P D L   S T A T I S T I C S ------------------------+

Release: 2024 R1            Build: 24.1       Update: UP20231106   Platform: WINDOWS x64 
Date Run: 04/05/2024   Time: 19:14     Process ID: 8488
Operating System: Windows 11  (Build: 22635)

Processor Model: 11th Gen Intel(R) Core(TM) i7-1165G7 @ 2.80GHz

Compiler: Intel(R) Fortran Compiler Classic Version 2021.9  (Build: 20230302)
          Intel(R) C/C++ Compiler Classic Version 2021.9  (Build: 20230302)
          Intel(R) Math Kernel Library Version 2020.0.0 Product Build 20191125
          BLAS Library supplied by Intel(R) MKL

Number of machines requested            :    1
Total number of cores available         :    8
Number of physical cores available      :    4
Number of processes requested           :    4
Number of threads per process requested :    1
Total number of cores requested         :    4 (Distributed Memory Parallel)               
MPI Type: INTELMPI
MPI Version: Intel(R) MPI Library 2021.10 for Windows* OS


GPU Acceleration: Not Requested

Job Name: file0
Input File: dummy.dat

  Core                Machine Name   Working Directory
 -----------------------------------------------------
     0             LAPTOP-A2T8JN2S   C:\Users\ismae\OneDrive - Universidad de Alcala\Escritorio\UNI\GitHub\EYSTDUN_23-24\P2_lag_files\_ProjectScratch\Scr376F
     1             LAPTOP-A2T8JN2S   C:\Users\ismae\OneDrive - Universidad de Alcala\Escritorio\UNI\GitHub\EYSTDUN_23-24\P2_lag_files\_ProjectScratch\Scr376F
     2             LAPTOP-A2T8JN2S   C:\Users\ismae\OneDrive - Universidad de Alcala\Escritorio\UNI\GitHub\EYSTDUN_23-24\P2_lag_files\_ProjectScratch\Scr376F
     3             LAPTOP-A2T8JN2S   C:\Users\ismae\OneDrive - Universidad de Alcala\Escritorio\UNI\GitHub\EYSTDUN_23-24\P2_lag_files\_ProjectScratch\Scr376F
 
Latency time from master to core     1 =    2.016 microseconds
Latency time from master to core     2 =    1.924 microseconds
Latency time from master to core     3 =    1.704 microseconds
 
Communication speed from master to core     1 =  7043.87 MB/sec
Communication speed from master to core     2 =  5217.81 MB/sec
Communication speed from master to core     3 =  6366.84 MB/sec

Total CPU time for main thread                    :        4.6 seconds
Total CPU time summed for all threads             :        5.5 seconds

Elapsed time spent obtaining a license            :        0.4 seconds
Elapsed time spent pre-processing model (/PREP7)  :        0.2 seconds
Elapsed time spent solution - preprocessing       :        1.0 seconds
Elapsed time spent computing solution             :        7.0 seconds
Elapsed time spent solution - postprocessing      :        0.1 seconds
Elapsed time spent post-processing model (/POST1) :        0.0 seconds
 
Eigensolver used                                  :            Block Lanczos
Equation solver computational rate                :       35.1 Gflops
Equation solver effective I/O rate                :        7.5 GB/sec

Sum of disk space used on all processes           :      196.6 MB

Sum of memory used on all processes               :     1198.0 MB
Sum of memory allocated on all processes          :     3635.0 MB
Physical memory available                         :          8 GB
Total amount of I/O written to disk               :        0.1 GB
Total amount of I/O read from disk                :        0.0 GB

+------------------ E N D   M A P D L   S T A T I S T I C S -------------------+


 *-----------------------------------------------------------------------------*
 |                                                                             |
 |                               RUN COMPLETED                                 |
 |                                                                             |
 |-----------------------------------------------------------------------------|
 |                                                                             |
 |  Ansys MAPDL 2024 R1         Build 24.1         UP20231106    WINDOWS x64   |
 |                                                                             |
 |-----------------------------------------------------------------------------|
 |                                                                             |
 |  Database Requested(-db)     1024 MB     Scratch Memory Requested   1024 MB |
 |  Max Database Used(Master)     43 MB     Max Scratch Used(Master)    256 MB |
 |  Max Database Used(Workers)     1 MB     Max Scratch Used(Workers)   326 MB |
 |  Sum Database Used(All)        46 MB     Sum Scratch Used(All)      1152 MB |
 |                                                                             |
 |-----------------------------------------------------------------------------|
 |                                                                             |
 |        CP Time      (sec) =          5.531       Time  =  19:14:56          |
 |        Elapsed Time (sec) =         11.000       Date  =  04/05/2024        |
 |                                                                             |
 *-----------------------------------------------------------------------------*
