
 Ansys Mechanical Enterprise Academic Student      


 *------------------------------------------------------------------*
 |                                                                  |
 |   W E L C O M E   T O   T H E   A N S Y S (R)  P R O G R A M     |
 |                                                                  |
 *------------------------------------------------------------------*




 ***************************************************************
 *         ANSYS MAPDL 2024 R1          LEGAL NOTICES          *
 ***************************************************************
 *                                                             *
 * Copyright 1971-2024 Ansys, Inc.  All rights reserved.       *
 * Unauthorized use, distribution or duplication is            *
 * prohibited.                                                 *
 *                                                             *
 * Ansys is a registered trademark of Ansys, Inc. or its       *
 * subsidiaries in the United States or other countries.       *
 * See the Ansys, Inc. online documentation or the Ansys, Inc. *
 * documentation CD or online help for the complete Legal      *
 * Notice.                                                     *
 *                                                             *
 ***************************************************************
 *                                                             *
 * THIS ANSYS SOFTWARE PRODUCT AND PROGRAM DOCUMENTATION       *
 * INCLUDE TRADE SECRETS AND CONFIDENTIAL AND PROPRIETARY      *
 * PRODUCTS OF ANSYS, INC., ITS SUBSIDIARIES, OR LICENSORS.    *
 * The software products and documentation are furnished by    *
 * Ansys, Inc. or its subsidiaries under a software license    *
 * agreement that contains provisions concerning               *
 * non-disclosure, copying, length and nature of use,          *
 * compliance with exporting laws, warranties, disclaimers,    *
 * limitations of liability, and remedies, and other           *
 * provisions.  The software products and documentation may be *
 * used, disclosed, transferred, or copied only in accordance  *
 * with the terms and conditions of that software license      *
 * agreement.                                                  *
 *                                                             *
 * Ansys, Inc. is a UL registered                              *
 * ISO 9001:2015 company.                                      *
 *                                                             *
 ***************************************************************
 *                                                             *
 * This product is subject to U.S. laws governing export and   *
 * re-export.                                                  *
 *                                                             *
 * For U.S. Government users, except as specifically granted   *
 * by the Ansys, Inc. software license agreement, the use,     *
 * duplication, or disclosure by the United States Government  *
 * is subject to restrictions stated in the Ansys, Inc.        *
 * software license agreement and FAR 12.212 (for non-DOD      *
 * licenses).                                                  *
 *                                                             *
 ***************************************************************

 2024 R1 
     
 Point Releases and Patches installed:   
     
 Discovery 2024 R1   
 Fluids 2024 R1  
 Ansys Dynamic Reporting 2024 R1 
 SpaceClaim 2024 R1  
 CFX (includes CFD-Post) 2024 R1 
 Chemkin 2024 R1 
 EnSight 2024 R1 
 FENSAP-ICE 2024 R1  
 Fluent (includes CFD-Post) 2024 R1  
 Polyflow (includes CFD-Post) 2024 R1
 Forte (includes EnSight) 2024 R1
 TurboGrid 2024 R1   
 ACIS Geometry Interface 2024 R1 
 AutoCAD Geometry Interface 2024 R1  
 Catia, Version 4 Geometry Interface 2024 R1 
 Catia, Version 5 Geometry Interface 2024 R1 
 Catia, Version 6 Geometry Interface 2024 R1 
 Creo Elements/Direct Modeling Geometry Interface 2024 R1
 Creo Parametric Geometry Interface 2024 R1  
 Inventor Geometry Interface 2024 R1 
 JTOpen Geometry Interface 2024 R1   
 NX Geometry Interface 2024 R1   
 Parasolid Geometry Interface  2024 R1   
 Solid Edge Geometry Interface 2024 R1   
 SOLIDWORKS Geometry Interface 2024 R1   
 Speos 2024 R1   
 Aqwa 2024 R1
 Autodyn 2024 R1 
 Material Calibration App 2024 R1
 Customization Files for User Programmable Features 2024 R1  
 Mechanical Products 2024 R1 
 Motion 2024 R1  
 Academic Student 2024 R1


          *****  MAPDL COMMAND LINE ARGUMENTS  *****
  BATCH MODE REQUESTED (-b)    = NOLIST
  INPUT FILE COPY MODE (-c)    = COPY
  DISTRIBUTED MEMORY PARALLEL REQUESTED
       4 PARALLEL PROCESSES REQUESTED WITH SINGLE THREAD PER PROCESS
    TOTAL OF     4 CORES REQUESTED
  INPUT FILE NAME              = C:\Users\ismael.llamas\Documents\GitHub\EYSTDUN_23-24\P1_lab_files\dp0\global\MECH\SYS_Mech_Files\StaticStructural\dummy.dat
  OUTPUT FILE NAME             = C:\Users\ismael.llamas\Documents\GitHub\EYSTDUN_23-24\P1_lab_files\dp0\global\MECH\SYS_Mech_Files\StaticStructural\solve.out
  START-UP FILE MODE           = NOREAD
  STOP FILE MODE               = NOREAD

 RELEASE= 2024 R1              BUILD= 24.1      UP20231106   VERSION=WINDOWS x64 
 CURRENT JOBNAME=file0  13:45:14  MAR 22, 2024 CP=      0.047


 PARAMETER _DS_PROGRESS =     999.0000000    

 /INPUT FILE= ds.dat  LINE=       0



 *** NOTE ***                            CP =       0.156   TIME= 13:45:14
 The /CONFIG,NOELDB command is not valid in a distributed memory         
 parallel solution.  Command is ignored.                                 

 *GET  _WALLSTRT  FROM  ACTI  ITEM=TIME WALL  VALUE=  13.7538889    

 TITLE= 
 P1_lab--Static Structural (A5)                                                

  ACT Extensions:
      LSDYNA, 2024.1
      5f463412-bd3e-484b-87e7-cbc0a665e474, wbex
 /COM,     ANSYSMotion, 2024.1
      20180725-3f81-49eb-9f31-41364844c769, wbex
  

 SET PARAMETER DIMENSIONS ON  _WB_PROJECTSCRATCH_DIR
  TYPE=STRI  DIMENSIONS=      248        1        1

 PARAMETER _WB_PROJECTSCRATCH_DIR(1) = C:\Users\ismael.llamas\Documents\GitHub\EYSTDUN_23-24\P1_lab_files\dp0\global\MECH\SYS_Mech_Files\StaticStructural\

 SET PARAMETER DIMENSIONS ON  _WB_SOLVERFILES_DIR
  TYPE=STRI  DIMENSIONS=      248        1        1

 PARAMETER _WB_SOLVERFILES_DIR(1) = C:\Users\ismael.llamas\Documents\GitHub\EYSTDUN_23-24\P1_lab_files\dp0\global\MECH\SYS_Mech_Files\StaticStructural\

 SET PARAMETER DIMENSIONS ON  _WB_USERFILES_DIR
  TYPE=STRI  DIMENSIONS=      248        1        1

 PARAMETER _WB_USERFILES_DIR(1) = C:\Users\ismael.llamas\Documents\GitHub\EYSTDUN_23-24\P1_lab_files\dp0\global\MECH\SYS_Mech_Files\UserFiles\
 --- Data in consistent MKS units. See Solving Units in the help system for more

 MKS UNITS SPECIFIED FOR INTERNAL    
  LENGTH        (l)  = METER (M)
  MASS          (M)  = KILOGRAM (KG)
  TIME          (t)  = SECOND (SEC)
  TEMPERATURE   (T)  = CELSIUS (C)
  TOFFSET            = 273.0
  CHARGE        (Q)  = COULOMB
  FORCE         (f)  = NEWTON (N) (KG-M/SEC2)
  HEAT               = JOULE (N-M)

  PRESSURE           = PASCAL (NEWTON/M**2)
  ENERGY        (W)  = JOULE (N-M)
  POWER         (P)  = WATT (N-M/SEC)
  CURRENT       (i)  = AMPERE (COULOMBS/SEC)
  CAPACITANCE   (C)  = FARAD
  INDUCTANCE    (L)  = HENRY
  MAGNETIC FLUX      = WEBER
  RESISTANCE    (R)  = OHM
  ELECTRIC POTENTIAL = VOLT

 INPUT  UNITS ARE ALSO SET TO MKS 

 *** MAPDL - ENGINEERING ANALYSIS SYSTEM  RELEASE 2024 R1          24.1     ***
 Ansys Mechanical Enterprise Academic Student      
 01055371  VERSION=WINDOWS x64   13:45:14  MAR 22, 2024 CP=      0.188

 P1_lab--Static Structural (A5)                                                



          ***** MAPDL ANALYSIS DEFINITION (PREP7) *****
 *********** Nodes for the whole assembly ***********
 *********** Nodes for all Remote Points ***********
 *********** Elements for Body 1 "Exomars_Drill-FreeParts|Exomars_Drill" *******
 *********** Send User Defined Coordinate System(s) ***********
 *********** Set Reference Temperature ***********
 *********** Send Materials ***********
 *********** Fixed Supports ***********
 *********** Create Remote Point "Internal Remote Point" ***********
 *********** Create Remote Point "Remote Point" ***********
 *********** Define Force Using Surface Effect Elements ***********
 *********** Define Force Using Surface Effect Elements ***********
 *********** Construct Moment Using Remote Attachment ***********


 ***** ROUTINE COMPLETED *****  CP =         0.406


 --- Number of total nodes = 92786
 --- Number of contact elements = 216
 --- Number of spring elements = 0
 --- Number of bearing elements = 0
 --- Number of solid elements = 18504
 --- Number of condensed parts = 0
 --- Number of total elements = 18727

 *GET  _WALLBSOL  FROM  ACTI  ITEM=TIME WALL  VALUE=  13.7538889    
 ****************************************************************************
 *************************    SOLUTION       ********************************
 ****************************************************************************

 *****  MAPDL SOLUTION ROUTINE  *****


 PERFORM A STATIC ANALYSIS
  THIS WILL BE A NEW ANALYSIS

 PARAMETER _THICKRATIO =     1.000000000    

 USE PRECONDITIONED CONJUGATE GRADIENT SOLVER
  CONVERGENCE TOLERANCE = 1.00000E-08
  MAXIMUM ITERATION     = NumNode*DofPerNode*  1.0000    

 CONTACT INFORMATION PRINTOUT LEVEL       1

 CHECK INITIAL OPEN/CLOSED STATUS OF SELECTED CONTACT ELEMENTS
      AND LIST DETAILED CONTACT PAIR INFORMATION

 SPLIT CONTACT SURFACES AT SOLVE PHASE

    NUMBER OF SPLITTING TBD BY PROGRAM

 DO NOT COMBINE ELEMENT MATRIX FILES (.emat) AFTER DISTRIBUTED PARALLEL SOLUTION

 DO NOT COMBINE ELEMENT SAVE DATA FILES (.esav) AFTER DISTRIBUTED PARALLEL SOLUTION

 NLDIAG: Nonlinear diagnostics CONT option is set to ON. 
         Writing frequency : each ITERATION.

 DO NOT SAVE ANY RESTART FILES AT ALL
 ****************************************************
 ******************* SOLVE FOR LS 1 OF 1 ****************

 SELECT       FOR ITEM=TYPE COMPONENT=    
  IN RANGE         5 TO          5 STEP          1

         72  ELEMENTS (OF      18727  DEFINED) SELECTED BY  ESEL  COMMAND.

 SELECT      ALL NODES HAVING ANY ELEMENT IN ELEMENT SET.

        264 NODES (OF      92786  DEFINED) SELECTED FROM
       72 SELECTED ELEMENTS BY NSLE COMMAND.

 SPECIFIED SURFACE LOAD PRES FOR ALL SELECTED ELEMENTS  LKEY =  1   KVAL = 1
     VALUES =     0.0000         0.0000         0.0000         0.0000    

 SPECIFIED SURFACE LOAD PRES FOR ALL SELECTED ELEMENTS  LKEY =  2   KVAL = 1
     VALUES =   -0.66019E+07   -0.66019E+07   -0.66019E+07   -0.66019E+07

 SPECIFIED SURFACE LOAD PRES FOR ALL SELECTED ELEMENTS  LKEY =  3   KVAL = 1
     VALUES =     0.0000         0.0000         0.0000         0.0000    

 SELECT       FOR ITEM=TYPE COMPONENT=    
  IN RANGE         6 TO          6 STEP          1

         72  ELEMENTS (OF      18727  DEFINED) SELECTED BY  ESEL  COMMAND.

 SELECT      ALL NODES HAVING ANY ELEMENT IN ELEMENT SET.

        264 NODES (OF      92786  DEFINED) SELECTED FROM
       72 SELECTED ELEMENTS BY NSLE COMMAND.

 SPECIFIED SURFACE LOAD PRES FOR ALL SELECTED ELEMENTS  LKEY =  1   KVAL = 1
     VALUES =    0.15004E+07    0.15004E+07    0.15004E+07    0.15004E+07

 SPECIFIED SURFACE LOAD PRES FOR ALL SELECTED ELEMENTS  LKEY =  2   KVAL = 1
     VALUES =     0.0000         0.0000         0.0000         0.0000    

 SPECIFIED SURFACE LOAD PRES FOR ALL SELECTED ELEMENTS  LKEY =  3   KVAL = 1
     VALUES =     0.0000         0.0000         0.0000         0.0000    

 ALL SELECT   FOR ITEM=NODE COMPONENT=    
  IN RANGE         1 TO      92786 STEP          1

      92786  NODES (OF      92786  DEFINED) SELECTED BY NSEL  COMMAND.

 ALL SELECT   FOR ITEM=ELEM COMPONENT=    
  IN RANGE         1 TO      31209 STEP          1

      18727  ELEMENTS (OF      18727  DEFINED) SELECTED BY  ESEL  COMMAND.

 SELECT       FOR ITEM=NODE COMPONENT=    
  IN RANGE     92785 TO      92785 STEP          1

          1  NODES (OF      92786  DEFINED) SELECTED BY  NSEL  COMMAND.

 SPECIFIED NODAL LOAD MX   FOR SELECTED NODES         1 TO    92786 BY        1
  REAL=  0.00000000       IMAG=  0.00000000    

 SPECIFIED NODAL LOAD MY   FOR SELECTED NODES         1 TO    92786 BY        1
  REAL= -66.6000000       IMAG=  0.00000000    

 SPECIFIED NODAL LOAD MZ   FOR SELECTED NODES         1 TO    92786 BY        1
  REAL=  0.00000000       IMAG=  0.00000000    

 ALL SELECT   FOR ITEM=NODE COMPONENT=    
  IN RANGE         1 TO      92786 STEP          1

      92786  NODES (OF      92786  DEFINED) SELECTED BY NSEL  COMMAND.

 PRINTOUT RESUMED BY /GOP

 USE       1 SUBSTEPS INITIALLY THIS LOAD STEP FOR ALL  DEGREES OF FREEDOM
 FOR AUTOMATIC TIME STEPPING:
   USE      1 SUBSTEPS AS A MAXIMUM
   USE      1 SUBSTEPS AS A MINIMUM

 TIME=  1.0000    

 ERASE THE CURRENT DATABASE OUTPUT CONTROL TABLE.


 WRITE ALL  ITEMS TO THE DATABASE WITH A FREQUENCY OF NONE
   FOR ALL APPLICABLE ENTITIES

 WRITE NSOL ITEMS TO THE DATABASE WITH A FREQUENCY OF ALL 
   FOR ALL APPLICABLE ENTITIES

 WRITE RSOL ITEMS TO THE DATABASE WITH A FREQUENCY OF ALL 
   FOR ALL APPLICABLE ENTITIES

 WRITE EANG ITEMS TO THE DATABASE WITH A FREQUENCY OF ALL 
   FOR ALL APPLICABLE ENTITIES

 WRITE ETMP ITEMS TO THE DATABASE WITH A FREQUENCY OF ALL 
   FOR ALL APPLICABLE ENTITIES

 WRITE VENG ITEMS TO THE DATABASE WITH A FREQUENCY OF ALL 
   FOR ALL APPLICABLE ENTITIES

 WRITE STRS ITEMS TO THE DATABASE WITH A FREQUENCY OF ALL 
   FOR ALL APPLICABLE ENTITIES

 WRITE EPEL ITEMS TO THE DATABASE WITH A FREQUENCY OF ALL 
   FOR ALL APPLICABLE ENTITIES

 WRITE EPPL ITEMS TO THE DATABASE WITH A FREQUENCY OF ALL 
   FOR ALL APPLICABLE ENTITIES

 WRITE CONT ITEMS TO THE DATABASE WITH A FREQUENCY OF ALL 
   FOR ALL APPLICABLE ENTITIES

 *GET  ANSINTER_  FROM  ACTI  ITEM=INT        VALUE=  0.00000000    

 *IF  ANSINTER_                         ( =   0.00000     )  NE  
      0                                 ( =   0.00000     )  THEN    

 *ENDIF

 *** NOTE ***                            CP =       0.484   TIME= 13:45:14
 The automatic domain decomposition logic has selected the MESH domain   
 decomposition method with 4 processes per solution.                     

 *****  MAPDL SOLVE    COMMAND  *****

 *** WARNING ***                         CP =       0.531   TIME= 13:45:14
 Element shape checking is currently inactive.  Issue SHPP,ON or         
 SHPP,WARN to reactivate, if desired.                                    

 *** NOTE ***                            CP =       0.641   TIME= 13:45:15
 The model data was checked and warning messages were found.             
  Please review output or errors file (                                  
 C:\Users\ismael.llamas\Documents\GitHub\EYSTDUN_23-24\P1_lab_files\dp0\ 
 global\MECH\SYS_Mech_Files\StaticStructural\file0.err ) for these       
 warning messages.                                                       

 *** SELECTION OF ELEMENT TECHNOLOGIES FOR APPLICABLE ELEMENTS ***
      --- GIVE SUGGESTIONS AND RESET THE KEY OPTIONS ---

 ELEMENT TYPE         1 IS SOLID186. KEYOPT(2)=0 IS SUGGESTED AND HAS BEEN RESET.
  KEYOPT(1-12)=    0    0    0    0    0    0    0    0    0    0    0    0

 ELEMENT TYPE         4 IS BEAM188 . KEYOPT(3)=2 IS ALWAYS SUGGESTED.  KEYOPT(3) HAS BEEN RESET
  KEYOPT(1-12)=    0    0    2    0    0    0    0    0    0    0    0    0

 ELEMENT TYPE         4 IS BEAM188 . KEYOPT(15) IS ALREADY SET AS SUGGESTED AND NO
 RESETTING IS NEEDED.



 *** MAPDL - ENGINEERING ANALYSIS SYSTEM  RELEASE 2024 R1          24.1     ***
 Ansys Mechanical Enterprise Academic Student      
 01055371  VERSION=WINDOWS x64   13:45:15  MAR 22, 2024 CP=      0.641

 P1_lab--Static Structural (A5)                                                



                       S O L U T I O N   O P T I O N S

   PROBLEM DIMENSIONALITY. . . . . . . . . . . . .3-D                  
   DEGREES OF FREEDOM. . . . . . UX   UY   UZ   ROTX ROTY ROTZ
   ANALYSIS TYPE . . . . . . . . . . . . . . . . .STATIC (STEADY-STATE)
   OFFSET TEMPERATURE FROM ABSOLUTE ZERO . . . . .  273.15    
   EQUATION SOLVER OPTION. . . . . . . . . . . . .PCG                
      TOLERANCE. . . . . . . . . . . . . . . . . . 1.00000E-08
   GLOBALLY ASSEMBLED MATRIX . . . . . . . . . . .SYMMETRIC  

 *** WARNING ***                         CP =       0.656   TIME= 13:45:15
 Material number 5 (used by element 31066) should normally have at least 
 one MP or one TB type command associated with it.  Output of energy by  
 material may not be available.                                          

 *** NOTE ***                            CP =       0.656   TIME= 13:45:15
 The step data was checked and warning messages were found.              
  Please review output or errors file (                                  
 C:\Users\ismael.llamas\Documents\GitHub\EYSTDUN_23-24\P1_lab_files\dp0\ 
 global\MECH\SYS_Mech_Files\StaticStructural\file0.err ) for these       
 warning messages.                                                       

 *** NOTE ***                            CP =       0.656   TIME= 13:45:15
 The conditions for direct assembly have been met.  No .emat or .erot    
 files will be produced.                                                 

 CHECK INITIAL OPEN/CLOSED STATUS OF SELECTED CONTACT ELEMENTS
      AND LIST DETAILED CONTACT PAIR INFORMATION

 *** NOTE ***                            CP =       0.672   TIME= 13:45:15
 Internal nodes from 92787 to 92793 are created.                         
 1 internal nodes are used for handling degrees of freedom on pilot      
 nodes of rigid target surfaces.                                         
 6 internal nodes are used for quadratic and/or cubic options of         
 BEAM188, PIPE288, and/or SHELL208.                                      

 *** NOTE ***                            CP =       0.688   TIME= 13:45:15
 Internal nodes from 92787 to 92790 are created.                         
 1 internal nodes are used for handling degrees of freedom on pilot      
 nodes of rigid target surfaces.                                         
 3 internal nodes are used for quadratic and/or cubic options of         
 BEAM188, PIPE288, and/or SHELL208.                                      

 *** NOTE ***                            CP =       0.781   TIME= 13:45:15
 The maximum number of contact elements in any single contact pair is 0, 
 which is smaller than the optimal domain size of 1161 elements for the  
 given number of CPU domains (4).  Therefore, no contact pairs are       
 being split by the CNCH,DMP logic.                                      

 *** NOTE ***                            CP =       0.781   TIME= 13:45:15
 Internal nodes from 92787 to 92793 are created.                         
 1 internal nodes are used for handling degrees of freedom on pilot      
 nodes of rigid target surfaces.                                         
 6 internal nodes are used for quadratic and/or cubic options of         
 BEAM188, PIPE288, and/or SHELL208.                                      

 *** NOTE ***                            CP =       0.797   TIME= 13:45:15
 Internal nodes from 92787 to 92790 are created.                         
 1 internal nodes are used for handling degrees of freedom on pilot      
 nodes of rigid target surfaces.                                         
 3 internal nodes are used for quadratic and/or cubic options of         
 BEAM188, PIPE288, and/or SHELL208.                                      

 *** NOTE ***                            CP =       0.812   TIME= 13:45:15
 Force-distributed-surface identified by real constant set 2 and         
 contact element type 2 has been set up.  The pilot node 92785 is used   
 to apply the force.  Internal MPC will be built.                        
 The used degrees of freedom set is  UX   UY   UZ   ROTX ROTY ROTZ
 Please verify constraints (including rotational degrees of freedom)
  on the pilot node by yourself.
 ****************************************
  
  
  

 *** NOTE ***                            CP =       0.828   TIME= 13:45:15
 Internal nodes from 92787 to 92793 are created.                         
 1 internal nodes are used for handling degrees of freedom on pilot      
 nodes of rigid target surfaces.                                         
 6 internal nodes are used for quadratic and/or cubic options of         
 BEAM188, PIPE288, and/or SHELL208.                                      

  
  
     D I S T R I B U T E D   D O M A I N   D E C O M P O S E R
  
  ...Number of elements: 18727
  ...Number of nodes:    92793
  ...Decompose to 4 CPU domains
  ...Element load balance ratio =     1.023


                      L O A D   S T E P   O P T I O N S

   LOAD STEP NUMBER. . . . . . . . . . . . . . . .     1
   TIME AT END OF THE LOAD STEP. . . . . . . . . .  1.0000    
   NUMBER OF SUBSTEPS. . . . . . . . . . . . . . .     1
   STEP CHANGE BOUNDARY CONDITIONS . . . . . . . .    NO
   PRINT OUTPUT CONTROLS . . . . . . . . . . . . .NO PRINTOUT
   DATABASE OUTPUT CONTROLS
      ITEM     FREQUENCY   COMPONENT
       ALL       NONE               
      NSOL        ALL               
      RSOL        ALL               
      EANG        ALL               
      ETMP        ALL               
      VENG        ALL               
      STRS        ALL               
      EPEL        ALL               
      EPPL        ALL               
      CONT        ALL               


 SOLUTION MONITORING INFO IS WRITTEN TO FILE= file.mntr                                                                                                                                                                                                                                                           

 *** NOTE ***                            CP =       1.062   TIME= 13:45:15
 Predictor is ON by default for structural elements with rotational      
 degrees of freedom.  Use the PRED,OFF command to turn the predictor     
 OFF if it adversely affects the convergence.                            


 *** NOTE ***                            CP =       1.438   TIME= 13:45:15
 The PCG solver has automatically set the level of difficulty for this   
 model to 1.                                                             


                         ***********  PRECISE MASS SUMMARY  ***********

   TOTAL RIGID BODY MASS MATRIX ABOUT ORIGIN
               Translational mass               |   Coupled translational/rotational mass
        0.93188        0.0000        0.0000     |     0.0000       0.10678E-08  -0.23475    
         0.0000       0.93188        0.0000     |   -0.10678E-08    0.0000      -0.31965E-08
         0.0000        0.0000       0.93188     |    0.23475       0.31965E-08    0.0000    
     ------------------------------------------ | ------------------------------------------
                                                |         Rotational mass (inertia)
                                                |    0.78877E-01   0.16046E-08   0.63489E-11
                                                |    0.16046E-08   0.58185E-04  -0.53728E-09
                                                |    0.63489E-11  -0.53728E-09   0.78877E-01

   TOTAL MASS = 0.93188    
     The mass principal axes coincide with the global Cartesian axes

   CENTER OF MASS (X,Y,Z)=  -0.34302E-08   0.25191       0.11458E-08

   TOTAL INERTIA ABOUT CENTER OF MASS
        0.19742E-01   0.79935E-09   0.63489E-11
        0.79935E-09   0.58185E-04  -0.26830E-09
        0.63489E-11  -0.26830E-09   0.19742E-01
     The inertia principal axes coincide with the global Cartesian axes


  *** MASS SUMMARY BY ELEMENT TYPE ***

  TYPE      MASS
     1  0.931877    

 Range of element maximum matrix coefficients in global coordinates
 Maximum = 5.256979542E+09 at element 31062.                             
 Minimum = 23037110.1 at element 31060.                                  

   *** ELEMENT MATRIX FORMULATION TIMES
     TYPE    NUMBER   ENAME      TOTAL CP  AVE CP

        1     18504  SOLID186      1.281   0.000069
        2        72  CONTA174      0.000   0.000000
        3         1  TARGE170      0.000   0.000000
        4         6  BEAM188       0.000   0.000000
        5        72  SURF154       0.016   0.000217
        6        72  SURF154       0.000   0.000000
 Time at end of element matrix formulation CP = 1.875.                   
 Iteration=    10 Ratio=  0.152902     Limit=  1.000000E-08 Wall=     0.1
 Iteration=   165 Ratio=  9.045433E-04 Limit=  1.000000E-08 Wall=     2.5
 Iteration=   335 Ratio=  2.384988E-06 Limit=  1.000000E-08 Wall=     5.1

 DISTRIBUTED PCG SOLVER SOLUTION CONVERGED

 DISTRIBUTED PCG SOLVER SOLUTION STATISTICS

   NUMBER OF ITERATIONS=         413
   NUMBER OF EQUATIONS =      278424
   LEVEL OF CONVERGENCE=           1
   CALCULATED NORM     = 0.88307E-08
   SPECIFIED TOLERANCE = 0.10000E-07
   TOTAL CPU TIME (sec)=        6.58
   TOTAL WALL TIME(sec)=        6.66
   TOTAL MEMORY (GB)   =        0.20


   *** ELEMENT RESULT CALCULATION TIMES
     TYPE    NUMBER   ENAME      TOTAL CP  AVE CP

        1     18504  SOLID186      0.781   0.000042
        2        72  CONTA174      0.000   0.000000
        4         6  BEAM188       0.000   0.000000
        5        72  SURF154       0.000   0.000000
        6        72  SURF154       0.000   0.000000

   *** NODAL LOAD CALCULATION TIMES
     TYPE    NUMBER   ENAME      TOTAL CP  AVE CP

        1     18504  SOLID186      0.094   0.000005
        2        72  CONTA174      0.000   0.000000
        4         6  BEAM188       0.000   0.000000
        5        72  SURF154       0.000   0.000000
        6        72  SURF154       0.000   0.000000
 *** LOAD STEP     1   SUBSTEP     1  COMPLETED.    CUM ITER =      1
 *** TIME =   1.00000         TIME INC =   1.00000      NEW TRIANG MATRIX


 *** MAPDL BINARY FILE STATISTICS
  BUFFER SIZE USED= 16384
        6.375 MB WRITTEN ON RESULTS FILE: file0.rst
 *************** Write FE CONNECTORS *********

 WRITE OUT CONSTRAINT EQUATIONS TO FILE= file.ce                                                                                                                                                                                                                                                             
 ****************************************************
 *************** FINISHED SOLVE FOR LS 1 *************

 *GET  _WALLASOL  FROM  ACTI  ITEM=TIME WALL  VALUE=  13.7563889    

 PRINTOUT RESUMED BY /GOP

 *GET  _PCGITER  FROM  ACTI  ITEM=SOLU CGIT  VALUE=  413.000000    

 FINISH SOLUTION PROCESSING


 ***** ROUTINE COMPLETED *****  CP =         9.203



 *** MAPDL - ENGINEERING ANALYSIS SYSTEM  RELEASE 2024 R1          24.1     ***
 Ansys Mechanical Enterprise Academic Student      
 01055371  VERSION=WINDOWS x64   13:45:23  MAR 22, 2024 CP=      9.203

 P1_lab--Static Structural (A5)                                                



          ***** MAPDL RESULTS INTERPRETATION (POST1) *****

 *** NOTE ***                            CP =       9.203   TIME= 13:45:23
 Reading results into the database (SET command) will update the current 
 displacement and force boundary conditions in the database with the     
 values from the results file for that load set.  Note that any          
 subsequent solutions will use these values unless action is taken to    
 either SAVE the current values or not overwrite them (/EXIT,NOSAVE).    

 Set Encoding of XML File to:ISO-8859-1

 Set Output of XML File to:
     PARM,     ,     ,     ,     ,     ,     ,     ,     ,     ,     ,     ,
         ,     ,     ,     ,     ,     ,     ,

 DATABASE WRITTEN ON FILE  parm.xml                                                                                                                                                                                                                                                            

 EXIT THE MAPDL POST1 DATABASE PROCESSOR


 ***** ROUTINE COMPLETED *****  CP =         9.203



 PRINTOUT RESUMED BY /GOP

 *GET  _WALLDONE  FROM  ACTI  ITEM=TIME WALL  VALUE=  13.7563889    

 PARAMETER _PREPTIME =     0.000000000    

 PARAMETER _SOLVTIME =     9.000000000    

 PARAMETER _POSTTIME =     0.000000000    

 PARAMETER _TOTALTIM =     9.000000000    

 *GET  _DLBRATIO  FROM  ACTI  ITEM=SOLU DLBR  VALUE=  1.02307199    

 *GET  _COMBTIME  FROM  ACTI  ITEM=SOLU COMB  VALUE= 0.816068000E-01

 *GET  _SSMODE   FROM  ACTI  ITEM=SOLU SSMM  VALUE=  0.00000000    

 *GET  _NDOFS    FROM  ACTI  ITEM=SOLU NDOF  VALUE=  277626.000    

 *GET  _SOL_END_TIME  FROM  ACTI  ITEM=SET  TIME  VALUE=  1.00000000    

 *IF  _sol_end_time                     ( =   1.00000     )  EQ  
      1.000000                          ( =   1.00000     )  THEN    

 /FCLEAN COMMAND REMOVING ALL LOCAL FILES

 *ENDIF
 --- Total number of nodes = 92786
 --- Total number of elements = 18727
 --- Element load balance ratio = 1.02307199
 --- Time to combine distributed files = 8.16068E-02
 --- Sparse memory mode = 0
 --- Number of DOF = 277626

 EXIT MAPDL WITHOUT SAVING DATABASE


 NUMBER OF WARNING MESSAGES ENCOUNTERED=          2
 NUMBER OF ERROR   MESSAGES ENCOUNTERED=          0

+--------------------- M A P D L   S T A T I S T I C S ------------------------+

Release: 2024 R1            Build: 24.1       Update: UP20231106   Platform: WINDOWS x64 
Date Run: 03/22/2024   Time: 13:45     Process ID: 12576
Operating System: Windows 10  (Build: 19045)

Processor Model: 12th Gen Intel(R) Core(TM) i7-12700

Compiler: Intel(R) Fortran Compiler Classic Version 2021.9  (Build: 20230302)
          Intel(R) C/C++ Compiler Classic Version 2021.9  (Build: 20230302)
          Intel(R) Math Kernel Library Version 2020.0.0 Product Build 20191125
          BLAS Library supplied by Intel(R) MKL

Number of machines requested            :    1
Total number of cores available         :   20
Number of physical cores available      :   12
Number of processes requested           :    4
Number of threads per process requested :    1
Total number of cores requested         :    4 (Distributed Memory Parallel)               
MPI Type: INTELMPI
MPI Version: Intel(R) MPI Library 2021.10 for Windows* OS


GPU Acceleration: Not Requested

Job Name: file0
Input File: dummy.dat

  Core                Machine Name   Working Directory
 -----------------------------------------------------
     0                   AICIEN403   C:\Users\ismael.llamas\Documents\GitHub\EYSTDUN_23-24\P1_lab_files\dp0\global\MECH\SYS_Mech_Files\StaticStructural
     1                   AICIEN403   C:\Users\ismael.llamas\Documents\GitHub\EYSTDUN_23-24\P1_lab_files\dp0\global\MECH\SYS_Mech_Files\StaticStructural
     2                   AICIEN403   C:\Users\ismael.llamas\Documents\GitHub\EYSTDUN_23-24\P1_lab_files\dp0\global\MECH\SYS_Mech_Files\StaticStructural
     3                   AICIEN403   C:\Users\ismael.llamas\Documents\GitHub\EYSTDUN_23-24\P1_lab_files\dp0\global\MECH\SYS_Mech_Files\StaticStructural
 
Latency time from master to core     1 =    1.271 microseconds
Latency time from master to core     2 =    1.264 microseconds
Latency time from master to core     3 =    1.269 microseconds
 
Communication speed from master to core     1 = 11040.42 MB/sec
Communication speed from master to core     2 = 13544.86 MB/sec
Communication speed from master to core     3 = 12350.25 MB/sec

Total CPU time for main thread                    :        9.3 seconds
Total CPU time summed for all threads             :        9.3 seconds

Elapsed time spent obtaining a license            :        0.4 seconds
Elapsed time spent pre-processing model (/PREP7)  :        0.2 seconds
Elapsed time spent solution - preprocessing       :        0.4 seconds
Elapsed time spent computing solution             :        8.0 seconds
Elapsed time spent solution - postprocessing      :        0.1 seconds
Elapsed time spent post-processing model (/POST1) :        0.0 seconds
 
Equation solver used                              :            PCG (symmetric)
Equation solver computational rate                :        7.3 Gflops

Sum of disk space used on all processes           :       72.1 MB

Sum of memory used on all processes               :      725.0 MB
Sum of memory allocated on all processes          :     3240.0 MB
Physical memory available                         :         16 GB
Total amount of I/O written to disk               :        0.1 GB
Total amount of I/O read from disk                :        0.0 GB

+------------------ E N D   M A P D L   S T A T I S T I C S -------------------+


 *-----------------------------------------------------------------------------*
 |                                                                             |
 |                               RUN COMPLETED                                 |
 |                                                                             |
 |-----------------------------------------------------------------------------|
 |                                                                             |
 |  Ansys MAPDL 2024 R1         Build 24.1         UP20231106    WINDOWS x64   |
 |                                                                             |
 |-----------------------------------------------------------------------------|
 |                                                                             |
 |  Database Requested(-db)     1024 MB     Scratch Memory Requested   1024 MB |
 |  Max Database Used(Master)     50 MB     Max Scratch Used(Master)    242 MB |
 |  Max Database Used(Workers)     1 MB     Max Scratch Used(Workers)   146 MB |
 |  Sum Database Used(All)        53 MB     Sum Scratch Used(All)       672 MB |
 |                                                                             |
 |-----------------------------------------------------------------------------|
 |                                                                             |
 |        CP Time      (sec) =          9.281       Time  =  13:45:24          |
 |        Elapsed Time (sec) =         11.000       Date  =  03/22/2024        |
 |                                                                             |
 *-----------------------------------------------------------------------------*
